<?xml version="1.0" encoding="UTF-8"?>
<!-- Generated by org.testng.reporters.JUnitReportReporter -->
<testsuite hostname="DESKTOP-4UVV2IA" name="com.testscripts.TC02" tests="1" failures="0" timestamp="15 Oct 2020 10:11:16 GMT" time="14.878" errors="0">
  <testcase name="show" time="14.878" classname="com.testscripts.TC02"/>
</testsuite> <!-- com.testscripts.TC02 -->
