<?xml version="1.0" encoding="UTF-8"?>
<!-- Generated by org.testng.reporters.JUnitReportReporter -->
<testsuite hostname="DESKTOP-4UVV2IA" name="com.testscripts.TC03" tests="1" failures="0" timestamp="17 Oct 2020 06:54:31 GMT" time="69.659" errors="0">
  <testcase name="mouseover" time="69.659" classname="com.testscripts.TC03"/>
</testsuite> <!-- com.testscripts.TC03 -->
